[2025-09-19 11:20:13] [INFO] NPM Smart Interceptor initialized
[2025-09-19 11:20:13] [INFO] Intercepting npm command: install 
[2025-09-19 11:20:46] [INFO] No known compromised packages detected
[2025-09-19 11:21:14] [INFO] Retrying with --legacy-peer-deps due to dependency conflicts
[2025-09-19 11:21:17] [SUCCESS] Installation succeeded with --legacy-peer-deps
[2025-09-19 11:21:43] [INFO] No known compromised packages detected
[2025-09-19 11:31:04] [INFO] NPM Smart Interceptor initialized
[2025-09-19 11:31:04] [INFO] Intercepting npm command: install ansi-styles@6.2.2
[2025-09-19 11:31:30] [INFO] No known compromised packages detected
[2025-09-19 11:47:24] [INFO] NPM Smart Interceptor initialized
[2025-09-19 11:47:24] [INFO] Intercepting npm command: run start
[2025-09-19 13:15:47] [INFO] NPM Smart Interceptor initialized
[2025-09-19 13:15:47] [INFO] Intercepting npm command: run start
[2025-09-19 14:21:43] [INFO] NPM Smart Interceptor initialized
[2025-09-19 14:21:43] [INFO] Intercepting npm command: run start
[2025-09-19 15:01:58] [INFO] NPM Smart Interceptor initialized
[2025-09-19 15:01:58] [INFO] Intercepting npm command: run test
[2025-09-19 15:20:06] [INFO] NPM Smart Interceptor initialized
[2025-09-19 15:20:06] [INFO] Intercepting npm command: run start
[2025-09-19 15:37:58] [INFO] NPM Smart Interceptor initialized
[2025-09-19 15:37:58] [INFO] Intercepting npm command: run start
